net_decode v0.1.0 (/home/piotr/Documents/projects/risc0/https-verifier/clipper/crates/net_decode)
├── bytes v1.4.0
├── dyn-clone v1.0.12
├── expect-test v1.4.1
│   ├── dissimilar v1.0.6
│   └── once_cell v1.18.0
├── futures v0.3.28
│   ├── futures-channel v0.3.28
│   │   ├── futures-core v0.3.28
│   │   └── futures-sink v0.3.28
│   ├── futures-core v0.3.28
│   ├── futures-executor v0.3.28
│   │   ├── futures-core v0.3.28
│   │   ├── futures-task v0.3.28
│   │   └── futures-util v0.3.28
│   │       ├── futures-channel v0.3.28 (*)
│   │       ├── futures-core v0.3.28
│   │       ├── futures-io v0.3.28
│   │       ├── futures-macro v0.3.28 (proc-macro)
│   │       │   ├── proc-macro2 v1.0.64
│   │       │   │   └── unicode-ident v1.0.9
│   │       │   ├── quote v1.0.29
│   │       │   │   └── proc-macro2 v1.0.64 (*)
│   │       │   └── syn v2.0.25
│   │       │       ├── proc-macro2 v1.0.64 (*)
│   │       │       ├── quote v1.0.29 (*)
│   │       │       └── unicode-ident v1.0.9
│   │       ├── futures-sink v0.3.28
│   │       ├── futures-task v0.3.28
│   │       ├── memchr v2.5.0
│   │       ├── pin-project-lite v0.2.9
│   │       ├── pin-utils v0.1.0
│   │       └── slab v0.4.8
│   │           [build-dependencies]
│   │           └── autocfg v1.1.0
│   ├── futures-io v0.3.28
│   ├── futures-sink v0.3.28
│   ├── futures-task v0.3.28
│   └── futures-util v0.3.28 (*)
├── h2-intercept v0.3.20 (/home/piotr/Documents/projects/risc0/https-verifier/clipper/h2-intercept)
│   ├── bytes v1.4.0
│   ├── fnv v1.0.7
│   ├── futures-core v0.3.28
│   ├── futures-sink v0.3.28
│   ├── futures-util v0.3.28 (*)
│   ├── http v0.2.9
│   │   ├── bytes v1.4.0
│   │   ├── fnv v1.0.7
│   │   └── itoa v1.0.6
│   ├── indexmap v1.9.3
│   │   └── hashbrown v0.12.3
│   │   [build-dependencies]
│   │   └── autocfg v1.1.0
│   ├── slab v0.4.8 (*)
│   ├── tokio v1.29.1
│   │   ├── bytes v1.4.0
│   │   └── pin-project-lite v0.2.9
│   │   [build-dependencies]
│   │   └── autocfg v1.1.0
│   ├── tokio-util v0.7.8
│   │   ├── bytes v1.4.0
│   │   ├── futures-core v0.3.28
│   │   ├── futures-sink v0.3.28
│   │   ├── pin-project-lite v0.2.9
│   │   ├── tokio v1.29.1 (*)
│   │   └── tracing v0.1.37
│   │       ├── cfg-if v1.0.0
│   │       ├── pin-project-lite v0.2.9
│   │       ├── tracing-attributes v0.1.24 (proc-macro)
│   │       │   ├── proc-macro2 v1.0.64 (*)
│   │       │   ├── quote v1.0.29 (*)
│   │       │   └── syn v2.0.25 (*)
│   │       └── tracing-core v0.1.31
│   │           └── once_cell v1.18.0
│   └── tracing v0.1.37 (*)
├── hex v0.4.3
├── hexdump v0.1.0 (/home/piotr/Documents/projects/risc0/https-verifier/clipper/crates/hexdump)
├── http v0.2.9 (*)
├── httparse v1.8.0
├── misc v0.1.0 (/home/piotr/Documents/projects/risc0/https-verifier/clipper/crates/misc)
├── pcap-parser v0.14.0 (https://github.com/lf-/pcap-parser?branch=jade/fix-options-correctly#ec97e0f5)
│   ├── circular v0.3.0
│   ├── nom v7.1.3
│   │   ├── memchr v2.5.0
│   │   └── minimal-lexical v0.2.1
│   └── rusticata-macros v4.1.0
│       └── nom v7.1.3 (*)
├── pktparse v0.7.1
│   └── nom v7.1.3 (*)
├── rustls-intercept v0.21.1 (/home/piotr/Documents/projects/risc0/https-verifier/clipper/rustls-intercept/rustls)
│   ├── log v0.4.18
│   ├── ring v0.16.20 (https://github.com/betrusted-io/ring-xous?branch=0.16.20-cleanup#4296c2e7)
│   │   ├── libc v0.2.150
│   │   ├── log v0.4.18
│   │   ├── once_cell v1.18.0
│   │   ├── spin v0.5.2
│   │   └── untrusted v0.7.1
│   │   [build-dependencies]
│   │   └── cc v1.0.83
│   │       └── libc v0.2.150
│   ├── rustls-webpki v0.100.1
│   │   ├── ring v0.16.20 (https://github.com/betrusted-io/ring-xous?branch=0.16.20-cleanup#4296c2e7) (*)
│   │   └── untrusted v0.7.1
│   └── sct v0.6.1
│       ├── ring v0.16.20 (https://github.com/betrusted-io/ring-xous?branch=0.16.20-cleanup#4296c2e7) (*)
│       └── untrusted v0.7.1
├── thiserror v1.0.43
│   └── thiserror-impl v1.0.43 (proc-macro)
│       ├── proc-macro2 v1.0.64 (*)
│       ├── quote v1.0.29 (*)
│       └── syn v2.0.25 (*)
├── tokio v1.29.1 (*)
├── tracing v0.1.37 (*)
└── tracing-test v0.2.4
    ├── lazy_static v1.4.0
    ├── tracing-core v0.1.31 (*)
    ├── tracing-subscriber v0.3.17
    │   ├── matchers v0.1.0
    │   │   └── regex-automata v0.1.10
    │   │       └── regex-syntax v0.6.29
    │   ├── nu-ansi-term v0.46.0
    │   │   └── overload v0.1.1
    │   ├── once_cell v1.18.0
    │   ├── regex v1.8.4
    │   │   └── regex-syntax v0.7.2
    │   ├── sharded-slab v0.1.4
    │   │   └── lazy_static v1.4.0
    │   ├── smallvec v1.10.0
    │   ├── thread_local v1.1.7
    │   │   ├── cfg-if v1.0.0
    │   │   └── once_cell v1.18.0
    │   ├── tracing v0.1.37 (*)
    │   ├── tracing-core v0.1.31 (*)
    │   └── tracing-log v0.1.3
    │       ├── lazy_static v1.4.0
    │       ├── log v0.4.18
    │       └── tracing-core v0.1.31 (*)
    └── tracing-test-macro v0.2.4 (proc-macro)
        ├── lazy_static v1.4.0
        ├── quote v1.0.29 (*)
        └── syn v1.0.109
            ├── proc-macro2 v1.0.64 (*)
            ├── quote v1.0.29 (*)
            └── unicode-ident v1.0.9
[dev-dependencies]
├── proptest v1.2.0
│   ├── bit-set v0.5.3
│   │   └── bit-vec v0.6.3
│   ├── bitflags v1.3.2
│   ├── byteorder v1.4.3
│   ├── lazy_static v1.4.0
│   ├── num-traits v0.2.15
│   │   └── libm v0.2.7
│   │   [build-dependencies]
│   │   └── autocfg v1.1.0
│   ├── rand v0.8.5
│   │   ├── libc v0.2.150
│   │   ├── rand_chacha v0.3.1
│   │   │   ├── ppv-lite86 v0.2.17
│   │   │   └── rand_core v0.6.4
│   │   │       └── getrandom v0.2.10
│   │   │           ├── cfg-if v1.0.0
│   │   │           └── libc v0.2.150
│   │   └── rand_core v0.6.4 (*)
│   ├── rand_chacha v0.3.1 (*)
│   ├── rand_xorshift v0.3.0
│   │   └── rand_core v0.6.4 (*)
│   ├── regex-syntax v0.6.29
│   ├── rusty-fork v0.3.0
│   │   ├── fnv v1.0.7
│   │   ├── quick-error v1.2.3
│   │   ├── tempfile v3.6.0
│   │   │   ├── cfg-if v1.0.0
│   │   │   ├── fastrand v1.9.0
│   │   │   └── rustix v0.37.19
│   │   │       ├── bitflags v1.3.2
│   │   │       ├── io-lifetimes v1.0.11
│   │   │       │   └── libc v0.2.150
│   │   │       ├── libc v0.2.150
│   │   │       └── linux-raw-sys v0.3.8
│   │   │   [build-dependencies]
│   │   │   └── autocfg v1.1.0
│   │   └── wait-timeout v0.2.0
│   │       └── libc v0.2.150
│   ├── tempfile v3.6.0 (*)
│   └── unarray v0.1.4
└── tracing-subscriber v0.3.17 (*)
